Loading sample data from /home/logify/article_logic_ai_2026/code/experiments/DocNLI/doc-nli/sample_100.json...
  Loaded 10 premises with 62 total hypotheses
  Filter criteria: {'min_premise_words': 200, 'max_premise_words': 500, 'num_premises_requested': 10}
  Limited to 10 premises with 62 hypotheses

[Premise 1/10] ID=0, 327 words, 5 hypotheses
    [CACHE HIT] Loading from /home/logify/article_logic_ai_2026/code/experiments/DocNLI/cache/premise_0_weighted.json
Loading NLI model: cross-encoder/nli-deberta-v3-large
    [✗] hyp 1: pred=UNCERTAIN (not_entailment), gt=entailment
    [✓] hyp 2: pred=UNCERTAIN (not_entailment), gt=not_entailment
    [✓] hyp 3: pred=UNCERTAIN (not_entailment), gt=not_entailment
    [✓] hyp 4: pred=UNCERTAIN (not_entailment), gt=not_entailment
    [✓] hyp 5: pred=UNCERTAIN (not_entailment), gt=not_entailment
  Premise accuracy: 4/5 = 80.00%
  Logify: 0.00s (cached: True), Query total: 341.89s

[Premise 2/10] ID=1, 411 words, 3 hypotheses
    [CACHE HIT] Loading from /home/logify/article_logic_ai_2026/code/experiments/DocNLI/cache/premise_1_weighted.json
    [✗] hyp 1: pred=UNCERTAIN (not_entailment), gt=entailment
    [✓] hyp 2: pred=UNCERTAIN (not_entailment), gt=not_entailment
    [✓] hyp 3: pred=UNCERTAIN (not_entailment), gt=not_entailment
  Premise accuracy: 2/3 = 66.67%
  Logify: 0.00s (cached: True), Query total: 82.11s

[Premise 3/10] ID=2, 405 words, 6 hypotheses
    [CACHE HIT] Loading from /home/logify/article_logic_ai_2026/code/experiments/DocNLI/cache/premise_2_weighted.json
    [✗] hyp 1: pred=UNCERTAIN (not_entailment), gt=entailment
    [✓] hyp 2: pred=UNCERTAIN (not_entailment), gt=not_entailment
    [✓] hyp 3: pred=UNCERTAIN (not_entailment), gt=not_entailment
    [✓] hyp 4: pred=UNCERTAIN (not_entailment), gt=not_entailment
    [✓] hyp 5: pred=UNCERTAIN (not_entailment), gt=not_entailment
    [✓] hyp 6: pred=UNCERTAIN (not_entailment), gt=not_entailment
  Premise accuracy: 5/6 = 83.33%
  Logify: 0.00s (cached: True), Query total: 415.12s

[Premise 4/10] ID=3, 378 words, 7 hypotheses
    [CACHE HIT] Loading from /home/logify/article_logic_ai_2026/code/experiments/DocNLI/cache/premise_3_weighted.json
    [✗] hyp 1: pred=UNCERTAIN (not_entailment), gt=entailment
    [✓] hyp 2: pred=UNCERTAIN (not_entailment), gt=not_entailment
    [✓] hyp 3: pred=UNCERTAIN (not_entailment), gt=not_entailment
    [✓] hyp 4: pred=UNCERTAIN (not_entailment), gt=not_entailment
    [✓] hyp 5: pred=UNCERTAIN (not_entailment), gt=not_entailment
    [✓] hyp 6: pred=UNCERTAIN (not_entailment), gt=not_entailment
    [✓] hyp 7: pred=UNCERTAIN (not_entailment), gt=not_entailment
  Premise accuracy: 6/7 = 85.71%
  Logify: 0.00s (cached: True), Query total: 379.85s

[Premise 5/10] ID=4, 439 words, 9 hypotheses
    [CACHE HIT] Loading from /home/logify/article_logic_ai_2026/code/experiments/DocNLI/cache/premise_4_weighted.json
    [✗] hyp 1: pred=UNCERTAIN (not_entailment), gt=entailment
    [✓] hyp 2: pred=UNCERTAIN (not_entailment), gt=not_entailment
    [✓] hyp 3: pred=UNCERTAIN (not_entailment), gt=not_entailment
    [✓] hyp 4: pred=UNCERTAIN (not_entailment), gt=not_entailment
    [✓] hyp 5: pred=UNCERTAIN (not_entailment), gt=not_entailment
    [✓] hyp 6: pred=UNCERTAIN (not_entailment), gt=not_entailment
    [✓] hyp 7: pred=UNCERTAIN (not_entailment), gt=not_entailment
    [✓] hyp 8: pred=UNCERTAIN (not_entailment), gt=not_entailment
    [✓] hyp 9: pred=UNCERTAIN (not_entailment), gt=not_entailment
  Premise accuracy: 8/9 = 88.89%
  Logify: 0.00s (cached: True), Query total: 351.26s

[Premise 6/10] ID=5, 409 words, 6 hypotheses
    [CACHE HIT] Loading from /home/logify/article_logic_ai_2026/code/experiments/DocNLI/cache/premise_5_weighted.json
    [✗] hyp 1: pred=UNCERTAIN (not_entailment), gt=entailment
    [✓] hyp 2: pred=UNCERTAIN (not_entailment), gt=not_entailment
    [✓] hyp 3: pred=UNCERTAIN (not_entailment), gt=not_entailment
    [✓] hyp 4: pred=UNCERTAIN (not_entailment), gt=not_entailment
    [✓] hyp 5: pred=UNCERTAIN (not_entailment), gt=not_entailment
    [✓] hyp 6: pred=UNCERTAIN (not_entailment), gt=not_entailment
  Premise accuracy: 5/6 = 83.33%
  Logify: 0.00s (cached: True), Query total: 243.21s

[Premise 7/10] ID=6, 497 words, 6 hypotheses
    [CACHE HIT] Loading from /home/logify/article_logic_ai_2026/code/experiments/DocNLI/cache/premise_6_weighted.json
    [✗] hyp 1: pred=FALSE (not_entailment), gt=entailment
    [✓] hyp 2: pred=FALSE (not_entailment), gt=not_entailment
    [✗] hyp 3: pred=TRUE (entailment), gt=not_entailment
    [✓] hyp 4: pred=FALSE (not_entailment), gt=not_entailment
    [✗] hyp 5: pred=TRUE (entailment), gt=not_entailment
    [✗] hyp 6: pred=TRUE (entailment), gt=not_entailment
  Premise accuracy: 2/6 = 33.33%
  Logify: 0.00s (cached: True), Query total: 310.00s

[Premise 8/10] ID=7, 328 words, 8 hypotheses
    [CACHE HIT] Loading from /home/logify/article_logic_ai_2026/code/experiments/DocNLI/cache/premise_7_weighted.json
    [✗] hyp 1: pred=UNCERTAIN (not_entailment), gt=entailment
    [✓] hyp 2: pred=UNCERTAIN (not_entailment), gt=not_entailment
    [✓] hyp 3: pred=UNCERTAIN (not_entailment), gt=not_entailment
    [✓] hyp 4: pred=UNCERTAIN (not_entailment), gt=not_entailment
    [✓] hyp 5: pred=UNCERTAIN (not_entailment), gt=not_entailment
    [✓] hyp 6: pred=UNCERTAIN (not_entailment), gt=not_entailment
    [✓] hyp 7: pred=UNCERTAIN (not_entailment), gt=not_entailment
    [✓] hyp 8: pred=UNCERTAIN (not_entailment), gt=not_entailment
  Premise accuracy: 7/8 = 87.50%
  Logify: 0.00s (cached: True), Query total: 393.19s

[Premise 9/10] ID=8, 236 words, 6 hypotheses
    [CACHE HIT] Loading from /home/logify/article_logic_ai_2026/code/experiments/DocNLI/cache/premise_8_weighted.json
    [✗] hyp 1: pred=UNCERTAIN (not_entailment), gt=entailment
    [✓] hyp 2: pred=UNCERTAIN (not_entailment), gt=not_entailment
    [✓] hyp 3: pred=UNCERTAIN (not_entailment), gt=not_entailment
    [✓] hyp 4: pred=UNCERTAIN (not_entailment), gt=not_entailment
    [✓] hyp 5: pred=UNCERTAIN (not_entailment), gt=not_entailment
    [✓] hyp 6: pred=UNCERTAIN (not_entailment), gt=not_entailment
  Premise accuracy: 5/6 = 83.33%
  Logify: 0.00s (cached: True), Query total: 235.51s

[Premise 10/10] ID=9, 200 words, 6 hypotheses
    [CACHE HIT] Loading from /home/logify/article_logic_ai_2026/code/experiments/DocNLI/cache/premise_9_weighted.json
    [✓] hyp 1: pred=TRUE (entailment), gt=entailment
    [✗] hyp 2: pred=TRUE (entailment), gt=not_entailment
    [✗] hyp 3: pred=TRUE (entailment), gt=not_entailment
    [✗] hyp 4: pred=TRUE (entailment), gt=not_entailment
    [✗] hyp 5: pred=TRUE (entailment), gt=not_entailment
    [✗] hyp 6: pred=TRUE (entailment), gt=not_entailment
  Premise accuracy: 1/6 = 16.67%
  Logify: 0.00s (cached: True), Query total: 232.58s

============================================================
EXPERIMENT COMPLETE
============================================================
Premises processed: 10
Hypotheses evaluated: 62
Correct predictions: 45
Overall accuracy: 72.58%
Results saved to: /home/logify/article_logic_ai_2026/code/experiments/DocNLI/results_logify_DocNLI/experiment_20260131_000814.json
